2017-03-29 03:17:57,693 [Worker-2] INFO  c.g.t.t.d.PublishedGradleVersions - Gradle version information cache is up-to-date. Trying to read.
2017-03-29 03:18:47,208 [Worker-14] INFO  o.e.m.c.i.l.LifecycleMappingFactory - Using org.maven.ide.eclipse.wtp.WarLifecycleMapping lifecycle mapping for MavenProject: de.fau.rehau.project:industrie.demo:0.0.1-SNAPSHOT @ D:\WebProjects\complete rehau\kommunikationskonzept\fau-rehau-service-war\industrie.demo\pom.xml.
2017-03-29 03:18:53,544 [Worker-14] INFO  o.e.m.j.i.AbstractJavaProjectConfigurator - Adding source folder /industrie.demo/src/main/java
2017-03-29 03:18:53,546 [Worker-14] INFO  o.e.m.j.i.AbstractJavaProjectConfigurator - Adding resource folder /industrie.demo/src/main/resources
2017-03-29 03:18:53,547 [Worker-14] INFO  o.e.m.j.i.AbstractJavaProjectConfigurator - Adding source folder /industrie.demo/src/test/java
2017-03-29 03:18:55,929 [Worker-14] INFO  o.e.m.c.i.p.ProjectConfigurationManager - Imported and configured 1 project(s) in 17 sec
2017-03-29 03:18:58,960 [Worker-10] WARN  o.e.m.c.i.embedder.EclipseLogger - Using platform encoding (Cp1252 actually) to copy filtered resources, i.e. build is platform dependent!
2017-03-29 03:18:58,983 [Worker-10] INFO  o.e.m.c.i.embedder.EclipseLogger - Copying 0 resource
2017-03-29 03:18:58,986 [Worker-10] WARN  o.e.m.c.i.embedder.EclipseLogger - Using platform encoding (Cp1252 actually) to copy filtered resources, i.e. build is platform dependent!
2017-03-29 03:18:58,987 [Worker-10] INFO  o.e.m.c.i.embedder.EclipseLogger - skip non existing resourceDirectory D:\WebProjects\complete rehau\kommunikationskonzept\fau-rehau-service-war\industrie.demo\src\test\resources
2017-03-29 03:19:14,155 [Worker-4] WARN  o.e.m.c.i.embedder.EclipseLogger - Using platform encoding (Cp1252 actually) to copy filtered resources, i.e. build is platform dependent!
2017-03-29 03:19:14,160 [Worker-4] INFO  o.e.m.c.i.embedder.EclipseLogger - Copying 0 resource
2017-03-29 03:19:14,161 [Worker-4] WARN  o.e.m.c.i.embedder.EclipseLogger - Using platform encoding (Cp1252 actually) to copy filtered resources, i.e. build is platform dependent!
2017-03-29 03:19:14,162 [Worker-4] INFO  o.e.m.c.i.embedder.EclipseLogger - skip non existing resourceDirectory D:\WebProjects\complete rehau\kommunikationskonzept\fau-rehau-service-war\industrie.demo\src\test\resources
2017-03-29 03:19:26,073 [Worker-12] INFO  o.e.m.i.launch.MavenLaunchDelegate - D:\WebProjects\complete rehau\kommunikationskonzept\fau-rehau-service-war\industrie.demo
2017-03-29 03:19:26,074 [Worker-12] INFO  o.e.m.i.launch.MavenLaunchDelegate -  mvn -B clean
2017-03-29 03:19:28,129 [Worker-5] WARN  o.e.m.c.i.embedder.EclipseLogger - Using platform encoding (Cp1252 actually) to copy filtered resources, i.e. build is platform dependent!
2017-03-29 03:19:28,144 [Worker-5] INFO  o.e.m.c.i.embedder.EclipseLogger - Copying 0 resource
2017-03-29 03:19:28,145 [Worker-5] WARN  o.e.m.c.i.embedder.EclipseLogger - Using platform encoding (Cp1252 actually) to copy filtered resources, i.e. build is platform dependent!
2017-03-29 03:19:28,145 [Worker-5] INFO  o.e.m.c.i.embedder.EclipseLogger - skip non existing resourceDirectory D:\WebProjects\complete rehau\kommunikationskonzept\fau-rehau-service-war\industrie.demo\src\test\resources
2017-03-29 03:19:28,147 [Worker-5] INFO  o.e.m.w.i.f.ResourceFilteringBuildParticipant - Changed resources require a complete clean of filtered resources of industrie.demo
2017-03-29 03:19:28,147 [Worker-5] INFO  o.e.m.w.i.f.ResourceFilteringBuildParticipant - Executing resource filtering for industrie.demo
2017-03-29 03:19:28,154 [Worker-5] WARN  o.e.m.c.i.embedder.EclipseLogger - Using platform encoding (Cp1252 actually) to copy filtered resources, i.e. build is platform dependent!
2017-03-29 03:19:39,841 [Worker-6] INFO  o.e.m.i.launch.MavenLaunchDelegate - D:\WebProjects\complete rehau\kommunikationskonzept\fau-rehau-service-war\industrie.demo
2017-03-29 03:19:39,841 [Worker-6] INFO  o.e.m.i.launch.MavenLaunchDelegate -  mvn -B install
2017-03-29 03:19:42,670 [Worker-10] WARN  o.e.m.c.i.embedder.EclipseLogger - Using platform encoding (Cp1252 actually) to copy filtered resources, i.e. build is platform dependent!
2017-03-29 03:19:42,671 [Worker-10] INFO  o.e.m.c.i.embedder.EclipseLogger - Copying 0 resource
2017-03-29 03:19:42,672 [Worker-10] WARN  o.e.m.c.i.embedder.EclipseLogger - Using platform encoding (Cp1252 actually) to copy filtered resources, i.e. build is platform dependent!
2017-03-29 03:19:42,673 [Worker-10] INFO  o.e.m.c.i.embedder.EclipseLogger - skip non existing resourceDirectory D:\WebProjects\complete rehau\kommunikationskonzept\fau-rehau-service-war\industrie.demo\src\test\resources
2017-03-29 03:19:50,262 [main] INFO  o.e.m2e.actions.ExecutePomAction - Creating new launch configuration
2017-03-29 03:20:16,112 [Worker-4] INFO  o.e.m.c.i.p.ProjectConfigurationManager - Update started
2017-03-29 03:20:16,460 [Worker-4] INFO  o.e.m.c.i.l.LifecycleMappingFactory - Using org.maven.ide.eclipse.wtp.WarLifecycleMapping lifecycle mapping for MavenProject: de.fau.rehau.project:industrie.demo:0.0.1-SNAPSHOT @ D:\WebProjects\complete rehau\kommunikationskonzept\fau-rehau-service-war\industrie.demo\pom.xml.
2017-03-29 03:20:17,233 [Worker-4] INFO  o.e.m.j.i.AbstractJavaProjectConfigurator - Adding source folder /industrie.demo/src/main/java
2017-03-29 03:20:17,233 [Worker-4] INFO  o.e.m.j.i.AbstractJavaProjectConfigurator - Adding resource folder /industrie.demo/src/main/resources
2017-03-29 03:20:17,234 [Worker-4] INFO  o.e.m.j.i.AbstractJavaProjectConfigurator - Adding source folder /industrie.demo/src/test/java
2017-03-29 03:20:17,701 [Worker-4] INFO  o.e.m.w.i.f.ResourceFilteringBuildParticipant - Cleaning filtered folder for industrie.demo
2017-03-29 03:20:17,756 [Worker-4] INFO  o.e.m.c.i.p.ProjectConfigurationManager - Update completed: 1 sec
2017-03-29 03:20:18,335 [Worker-0] WARN  o.e.m.c.i.embedder.EclipseLogger - Using platform encoding (Cp1252 actually) to copy filtered resources, i.e. build is platform dependent!
2017-03-29 03:20:18,346 [Worker-0] INFO  o.e.m.c.i.embedder.EclipseLogger - Copying 0 resource
2017-03-29 03:20:18,349 [Worker-0] WARN  o.e.m.c.i.embedder.EclipseLogger - Using platform encoding (Cp1252 actually) to copy filtered resources, i.e. build is platform dependent!
2017-03-29 03:20:18,350 [Worker-0] INFO  o.e.m.c.i.embedder.EclipseLogger - skip non existing resourceDirectory D:\WebProjects\complete rehau\kommunikationskonzept\fau-rehau-service-war\industrie.demo\src\test\resources
2017-03-29 03:20:18,350 [Worker-0] INFO  o.e.m.w.i.f.ResourceFilteringBuildParticipant - Changed resources require a complete clean of filtered resources of industrie.demo
2017-03-29 03:20:18,350 [Worker-0] INFO  o.e.m.w.i.f.ResourceFilteringBuildParticipant - Executing resource filtering for industrie.demo
2017-03-29 03:20:18,360 [Worker-0] WARN  o.e.m.c.i.embedder.EclipseLogger - Using platform encoding (Cp1252 actually) to copy filtered resources, i.e. build is platform dependent!
2017-03-29 04:11:31,722 [Worker-15] WARN  o.e.m.c.i.embedder.EclipseLogger - Using platform encoding (Cp1252 actually) to copy filtered resources, i.e. build is platform dependent!
2017-03-29 04:11:31,725 [Worker-15] INFO  o.e.m.c.i.embedder.EclipseLogger - Copying 0 resource
2017-03-29 04:11:31,726 [Worker-15] WARN  o.e.m.c.i.embedder.EclipseLogger - Using platform encoding (Cp1252 actually) to copy filtered resources, i.e. build is platform dependent!
2017-03-29 04:11:31,728 [Worker-15] INFO  o.e.m.c.i.embedder.EclipseLogger - skip non existing resourceDirectory D:\WebProjects\complete rehau\kommunikationskonzept\fau-rehau-service-war\industrie.demo\src\test\resources
2017-03-29 04:24:07,340 [Worker-14] WARN  o.e.m.c.i.embedder.EclipseLogger - Using platform encoding (Cp1252 actually) to copy filtered resources, i.e. build is platform dependent!
2017-03-29 04:24:07,342 [Worker-14] INFO  o.e.m.c.i.embedder.EclipseLogger - Copying 0 resource
2017-03-29 04:24:07,347 [Worker-14] WARN  o.e.m.c.i.embedder.EclipseLogger - Using platform encoding (Cp1252 actually) to copy filtered resources, i.e. build is platform dependent!
2017-03-29 04:24:07,351 [Worker-14] INFO  o.e.m.c.i.embedder.EclipseLogger - skip non existing resourceDirectory D:\WebProjects\complete rehau\kommunikationskonzept\fau-rehau-service-war\industrie.demo\src\test\resources
2017-03-29 04:26:07,068 [Worker-14] WARN  o.e.m.c.i.embedder.EclipseLogger - Using platform encoding (Cp1252 actually) to copy filtered resources, i.e. build is platform dependent!
2017-03-29 04:26:07,070 [Worker-14] INFO  o.e.m.c.i.embedder.EclipseLogger - Copying 0 resource
2017-03-29 04:26:07,072 [Worker-14] WARN  o.e.m.c.i.embedder.EclipseLogger - Using platform encoding (Cp1252 actually) to copy filtered resources, i.e. build is platform dependent!
2017-03-29 04:26:07,073 [Worker-14] INFO  o.e.m.c.i.embedder.EclipseLogger - skip non existing resourceDirectory D:\WebProjects\complete rehau\kommunikationskonzept\fau-rehau-service-war\industrie.demo\src\test\resources
2017-03-29 09:37:52,327 [Worker-79] WARN  o.e.m.c.i.embedder.EclipseLogger - Using platform encoding (Cp1252 actually) to copy filtered resources, i.e. build is platform dependent!
2017-03-29 09:37:52,330 [Worker-79] INFO  o.e.m.c.i.embedder.EclipseLogger - Copying 0 resource
2017-03-29 09:37:52,331 [Worker-79] WARN  o.e.m.c.i.embedder.EclipseLogger - Using platform encoding (Cp1252 actually) to copy filtered resources, i.e. build is platform dependent!
2017-03-29 09:37:52,331 [Worker-79] INFO  o.e.m.c.i.embedder.EclipseLogger - skip non existing resourceDirectory D:\WebProjects\complete rehau\kommunikationskonzept\fau-rehau-service-war\industrie.demo\src\test\resources
2017-03-29 09:38:04,571 [Worker-79] WARN  o.e.m.c.i.embedder.EclipseLogger - Using platform encoding (Cp1252 actually) to copy filtered resources, i.e. build is platform dependent!
2017-03-29 09:38:04,576 [Worker-79] INFO  o.e.m.c.i.embedder.EclipseLogger - Copying 0 resource
2017-03-29 09:38:04,579 [Worker-79] WARN  o.e.m.c.i.embedder.EclipseLogger - Using platform encoding (Cp1252 actually) to copy filtered resources, i.e. build is platform dependent!
2017-03-29 09:38:04,580 [Worker-79] INFO  o.e.m.c.i.embedder.EclipseLogger - skip non existing resourceDirectory D:\WebProjects\complete rehau\kommunikationskonzept\fau-rehau-service-war\industrie.demo\src\test\resources
2017-03-29 09:39:14,262 [Worker-80] WARN  o.e.m.c.i.embedder.EclipseLogger - Using platform encoding (Cp1252 actually) to copy filtered resources, i.e. build is platform dependent!
2017-03-29 09:39:14,263 [Worker-80] INFO  o.e.m.c.i.embedder.EclipseLogger - Copying 0 resource
2017-03-29 09:39:14,264 [Worker-80] WARN  o.e.m.c.i.embedder.EclipseLogger - Using platform encoding (Cp1252 actually) to copy filtered resources, i.e. build is platform dependent!
2017-03-29 09:39:14,265 [Worker-80] INFO  o.e.m.c.i.embedder.EclipseLogger - skip non existing resourceDirectory D:\WebProjects\complete rehau\kommunikationskonzept\fau-rehau-service-war\industrie.demo\src\test\resources
2017-03-29 09:39:48,964 [Worker-81] WARN  o.e.m.c.i.embedder.EclipseLogger - Using platform encoding (Cp1252 actually) to copy filtered resources, i.e. build is platform dependent!
2017-03-29 09:39:48,965 [Worker-81] INFO  o.e.m.c.i.embedder.EclipseLogger - Copying 0 resource
2017-03-29 09:39:48,966 [Worker-81] WARN  o.e.m.c.i.embedder.EclipseLogger - Using platform encoding (Cp1252 actually) to copy filtered resources, i.e. build is platform dependent!
2017-03-29 09:39:48,967 [Worker-81] INFO  o.e.m.c.i.embedder.EclipseLogger - skip non existing resourceDirectory D:\WebProjects\complete rehau\kommunikationskonzept\fau-rehau-service-war\industrie.demo\src\test\resources
2017-03-29 09:40:13,477 [Worker-81] WARN  o.e.m.c.i.embedder.EclipseLogger - Using platform encoding (Cp1252 actually) to copy filtered resources, i.e. build is platform dependent!
2017-03-29 09:40:13,478 [Worker-81] INFO  o.e.m.c.i.embedder.EclipseLogger - Copying 0 resource
2017-03-29 09:40:13,482 [Worker-81] WARN  o.e.m.c.i.embedder.EclipseLogger - Using platform encoding (Cp1252 actually) to copy filtered resources, i.e. build is platform dependent!
2017-03-29 09:40:13,484 [Worker-81] INFO  o.e.m.c.i.embedder.EclipseLogger - skip non existing resourceDirectory D:\WebProjects\complete rehau\kommunikationskonzept\fau-rehau-service-war\industrie.demo\src\test\resources
2017-03-29 09:41:10,667 [Worker-82] WARN  o.e.m.c.i.embedder.EclipseLogger - Using platform encoding (Cp1252 actually) to copy filtered resources, i.e. build is platform dependent!
2017-03-29 09:41:10,668 [Worker-82] INFO  o.e.m.c.i.embedder.EclipseLogger - Copying 0 resource
2017-03-29 09:41:10,670 [Worker-82] WARN  o.e.m.c.i.embedder.EclipseLogger - Using platform encoding (Cp1252 actually) to copy filtered resources, i.e. build is platform dependent!
2017-03-29 09:41:10,671 [Worker-82] INFO  o.e.m.c.i.embedder.EclipseLogger - skip non existing resourceDirectory D:\WebProjects\complete rehau\kommunikationskonzept\fau-rehau-service-war\industrie.demo\src\test\resources
2017-03-29 09:41:22,042 [Worker-76] WARN  o.e.m.c.i.embedder.EclipseLogger - Using platform encoding (Cp1252 actually) to copy filtered resources, i.e. build is platform dependent!
2017-03-29 09:41:22,043 [Worker-76] INFO  o.e.m.c.i.embedder.EclipseLogger - Copying 0 resource
2017-03-29 09:41:22,044 [Worker-76] WARN  o.e.m.c.i.embedder.EclipseLogger - Using platform encoding (Cp1252 actually) to copy filtered resources, i.e. build is platform dependent!
2017-03-29 09:41:22,045 [Worker-76] INFO  o.e.m.c.i.embedder.EclipseLogger - skip non existing resourceDirectory D:\WebProjects\complete rehau\kommunikationskonzept\fau-rehau-service-war\industrie.demo\src\test\resources
2017-03-29 09:55:20,155 [Worker-81] WARN  o.e.m.c.i.embedder.EclipseLogger - Using platform encoding (Cp1252 actually) to copy filtered resources, i.e. build is platform dependent!
2017-03-29 09:55:20,157 [Worker-81] INFO  o.e.m.c.i.embedder.EclipseLogger - Copying 0 resource
2017-03-29 09:55:20,158 [Worker-81] WARN  o.e.m.c.i.embedder.EclipseLogger - Using platform encoding (Cp1252 actually) to copy filtered resources, i.e. build is platform dependent!
2017-03-29 09:55:20,159 [Worker-81] INFO  o.e.m.c.i.embedder.EclipseLogger - skip non existing resourceDirectory D:\WebProjects\complete rehau\kommunikationskonzept\fau-rehau-service-war\industrie.demo\src\test\resources
2017-03-29 10:02:19,962 [Worker-79] WARN  o.e.m.c.i.embedder.EclipseLogger - Using platform encoding (Cp1252 actually) to copy filtered resources, i.e. build is platform dependent!
2017-03-29 10:02:19,963 [Worker-79] INFO  o.e.m.c.i.embedder.EclipseLogger - Copying 0 resource
2017-03-29 10:02:19,966 [Worker-79] WARN  o.e.m.c.i.embedder.EclipseLogger - Using platform encoding (Cp1252 actually) to copy filtered resources, i.e. build is platform dependent!
2017-03-29 10:02:19,966 [Worker-79] INFO  o.e.m.c.i.embedder.EclipseLogger - skip non existing resourceDirectory D:\WebProjects\complete rehau\kommunikationskonzept\fau-rehau-service-war\industrie.demo\src\test\resources
2017-03-29 10:05:24,812 [Worker-87] WARN  o.e.m.c.i.embedder.EclipseLogger - Using platform encoding (Cp1252 actually) to copy filtered resources, i.e. build is platform dependent!
2017-03-29 10:05:24,813 [Worker-87] INFO  o.e.m.c.i.embedder.EclipseLogger - Copying 0 resource
2017-03-29 10:05:24,814 [Worker-87] WARN  o.e.m.c.i.embedder.EclipseLogger - Using platform encoding (Cp1252 actually) to copy filtered resources, i.e. build is platform dependent!
2017-03-29 10:05:24,815 [Worker-87] INFO  o.e.m.c.i.embedder.EclipseLogger - skip non existing resourceDirectory D:\WebProjects\complete rehau\kommunikationskonzept\fau-rehau-service-war\industrie.demo\src\test\resources
2017-03-29 10:10:18,193 [Worker-81] WARN  o.e.m.c.i.embedder.EclipseLogger - Using platform encoding (Cp1252 actually) to copy filtered resources, i.e. build is platform dependent!
2017-03-29 10:10:18,194 [Worker-81] INFO  o.e.m.c.i.embedder.EclipseLogger - Copying 0 resource
2017-03-29 10:10:18,196 [Worker-81] WARN  o.e.m.c.i.embedder.EclipseLogger - Using platform encoding (Cp1252 actually) to copy filtered resources, i.e. build is platform dependent!
2017-03-29 10:10:18,196 [Worker-81] INFO  o.e.m.c.i.embedder.EclipseLogger - skip non existing resourceDirectory D:\WebProjects\complete rehau\kommunikationskonzept\fau-rehau-service-war\industrie.demo\src\test\resources
2017-03-29 10:11:27,817 [Worker-87] WARN  o.e.m.c.i.embedder.EclipseLogger - Using platform encoding (Cp1252 actually) to copy filtered resources, i.e. build is platform dependent!
2017-03-29 10:11:27,828 [Worker-87] INFO  o.e.m.c.i.embedder.EclipseLogger - Copying 0 resource
2017-03-29 10:11:27,829 [Worker-87] WARN  o.e.m.c.i.embedder.EclipseLogger - Using platform encoding (Cp1252 actually) to copy filtered resources, i.e. build is platform dependent!
2017-03-29 10:11:27,830 [Worker-87] INFO  o.e.m.c.i.embedder.EclipseLogger - skip non existing resourceDirectory D:\WebProjects\complete rehau\kommunikationskonzept\fau-rehau-service-war\industrie.demo\src\test\resources
2017-03-29 10:11:55,672 [Worker-86] INFO  o.e.m.w.i.f.ResourceFilteringBuildParticipant - Cleaning filtered folder for industrie.demo
2017-03-29 10:11:56,036 [Worker-87] WARN  o.e.m.c.i.embedder.EclipseLogger - Using platform encoding (Cp1252 actually) to copy filtered resources, i.e. build is platform dependent!
2017-03-29 10:11:56,037 [Worker-87] INFO  o.e.m.c.i.embedder.EclipseLogger - Copying 0 resource
2017-03-29 10:11:56,046 [Worker-87] WARN  o.e.m.c.i.embedder.EclipseLogger - Using platform encoding (Cp1252 actually) to copy filtered resources, i.e. build is platform dependent!
2017-03-29 10:11:56,047 [Worker-87] INFO  o.e.m.c.i.embedder.EclipseLogger - skip non existing resourceDirectory D:\WebProjects\complete rehau\kommunikationskonzept\fau-rehau-service-war\industrie.demo\src\test\resources
2017-03-29 10:11:56,047 [Worker-87] INFO  o.e.m.w.i.f.ResourceFilteringBuildParticipant - Changed resources require a complete clean of filtered resources of industrie.demo
2017-03-29 10:11:56,047 [Worker-87] INFO  o.e.m.w.i.f.ResourceFilteringBuildParticipant - Executing resource filtering for industrie.demo
2017-03-29 10:11:56,060 [Worker-87] WARN  o.e.m.c.i.embedder.EclipseLogger - Using platform encoding (Cp1252 actually) to copy filtered resources, i.e. build is platform dependent!
2017-03-29 10:12:02,151 [Worker-95] WARN  o.e.m.c.i.embedder.EclipseLogger - Using platform encoding (Cp1252 actually) to copy filtered resources, i.e. build is platform dependent!
2017-03-29 10:12:02,152 [Worker-95] INFO  o.e.m.c.i.embedder.EclipseLogger - Copying 0 resource
2017-03-29 10:12:02,154 [Worker-95] WARN  o.e.m.c.i.embedder.EclipseLogger - Using platform encoding (Cp1252 actually) to copy filtered resources, i.e. build is platform dependent!
2017-03-29 10:12:02,155 [Worker-95] INFO  o.e.m.c.i.embedder.EclipseLogger - skip non existing resourceDirectory D:\WebProjects\complete rehau\kommunikationskonzept\fau-rehau-service-war\industrie.demo\src\test\resources
2017-03-29 10:12:12,144 [Worker-81] INFO  o.e.m.w.i.f.ResourceFilteringBuildParticipant - Cleaning filtered folder for industrie.demo
2017-03-29 10:12:12,422 [Worker-93] WARN  o.e.m.c.i.embedder.EclipseLogger - Using platform encoding (Cp1252 actually) to copy filtered resources, i.e. build is platform dependent!
2017-03-29 10:12:12,422 [Worker-93] INFO  o.e.m.c.i.embedder.EclipseLogger - Copying 0 resource
2017-03-29 10:12:12,424 [Worker-93] WARN  o.e.m.c.i.embedder.EclipseLogger - Using platform encoding (Cp1252 actually) to copy filtered resources, i.e. build is platform dependent!
2017-03-29 10:12:12,425 [Worker-93] INFO  o.e.m.c.i.embedder.EclipseLogger - skip non existing resourceDirectory D:\WebProjects\complete rehau\kommunikationskonzept\fau-rehau-service-war\industrie.demo\src\test\resources
2017-03-29 10:12:12,425 [Worker-93] INFO  o.e.m.w.i.f.ResourceFilteringBuildParticipant - Changed resources require a complete clean of filtered resources of industrie.demo
2017-03-29 10:12:12,425 [Worker-93] INFO  o.e.m.w.i.f.ResourceFilteringBuildParticipant - Executing resource filtering for industrie.demo
2017-03-29 10:12:12,428 [Worker-93] WARN  o.e.m.c.i.embedder.EclipseLogger - Using platform encoding (Cp1252 actually) to copy filtered resources, i.e. build is platform dependent!
2017-03-29 10:12:25,254 [Worker-90] INFO  o.e.m.w.i.f.ResourceFilteringBuildParticipant - Cleaning filtered folder for industrie.demo
2017-03-29 10:12:25,463 [Worker-90] WARN  o.e.m.c.i.embedder.EclipseLogger - Using platform encoding (Cp1252 actually) to copy filtered resources, i.e. build is platform dependent!
2017-03-29 10:12:25,464 [Worker-90] INFO  o.e.m.c.i.embedder.EclipseLogger - Copying 0 resource
2017-03-29 10:12:25,468 [Worker-90] WARN  o.e.m.c.i.embedder.EclipseLogger - Using platform encoding (Cp1252 actually) to copy filtered resources, i.e. build is platform dependent!
2017-03-29 10:12:25,469 [Worker-90] INFO  o.e.m.c.i.embedder.EclipseLogger - skip non existing resourceDirectory D:\WebProjects\complete rehau\kommunikationskonzept\fau-rehau-service-war\industrie.demo\src\test\resources
2017-03-29 10:12:25,469 [Worker-90] INFO  o.e.m.w.i.f.ResourceFilteringBuildParticipant - Changed resources require a complete clean of filtered resources of industrie.demo
2017-03-29 10:12:25,469 [Worker-90] INFO  o.e.m.w.i.f.ResourceFilteringBuildParticipant - Executing resource filtering for industrie.demo
2017-03-29 10:12:25,478 [Worker-90] WARN  o.e.m.c.i.embedder.EclipseLogger - Using platform encoding (Cp1252 actually) to copy filtered resources, i.e. build is platform dependent!
2017-03-29 10:16:32,113 [Worker-90] WARN  o.e.m.c.i.embedder.EclipseLogger - Using platform encoding (Cp1252 actually) to copy filtered resources, i.e. build is platform dependent!
2017-03-29 10:16:32,115 [Worker-90] INFO  o.e.m.c.i.embedder.EclipseLogger - Copying 0 resource
2017-03-29 10:16:32,116 [Worker-90] WARN  o.e.m.c.i.embedder.EclipseLogger - Using platform encoding (Cp1252 actually) to copy filtered resources, i.e. build is platform dependent!
2017-03-29 10:16:32,117 [Worker-90] INFO  o.e.m.c.i.embedder.EclipseLogger - skip non existing resourceDirectory D:\WebProjects\complete rehau\kommunikationskonzept\fau-rehau-service-war\industrie.demo\src\test\resources
2017-03-29 10:20:28,977 [Worker-86] WARN  o.e.m.c.i.embedder.EclipseLogger - Using platform encoding (Cp1252 actually) to copy filtered resources, i.e. build is platform dependent!
2017-03-29 10:20:28,979 [Worker-86] INFO  o.e.m.c.i.embedder.EclipseLogger - Copying 0 resource
2017-03-29 10:20:28,984 [Worker-86] WARN  o.e.m.c.i.embedder.EclipseLogger - Using platform encoding (Cp1252 actually) to copy filtered resources, i.e. build is platform dependent!
2017-03-29 10:20:28,985 [Worker-86] INFO  o.e.m.c.i.embedder.EclipseLogger - skip non existing resourceDirectory D:\WebProjects\complete rehau\kommunikationskonzept\fau-rehau-service-war\industrie.demo\src\test\resources
2017-03-29 10:22:13,308 [Worker-96] WARN  o.e.m.c.i.embedder.EclipseLogger - Using platform encoding (Cp1252 actually) to copy filtered resources, i.e. build is platform dependent!
2017-03-29 10:22:13,310 [Worker-96] INFO  o.e.m.c.i.embedder.EclipseLogger - Copying 0 resource
2017-03-29 10:22:13,311 [Worker-96] WARN  o.e.m.c.i.embedder.EclipseLogger - Using platform encoding (Cp1252 actually) to copy filtered resources, i.e. build is platform dependent!
2017-03-29 10:22:13,312 [Worker-96] INFO  o.e.m.c.i.embedder.EclipseLogger - skip non existing resourceDirectory D:\WebProjects\complete rehau\kommunikationskonzept\fau-rehau-service-war\industrie.demo\src\test\resources
2017-03-29 10:23:13,915 [Worker-87] WARN  o.e.m.c.i.embedder.EclipseLogger - Using platform encoding (Cp1252 actually) to copy filtered resources, i.e. build is platform dependent!
2017-03-29 10:23:13,917 [Worker-87] INFO  o.e.m.c.i.embedder.EclipseLogger - Copying 0 resource
2017-03-29 10:23:13,917 [Worker-87] WARN  o.e.m.c.i.embedder.EclipseLogger - Using platform encoding (Cp1252 actually) to copy filtered resources, i.e. build is platform dependent!
2017-03-29 10:23:13,918 [Worker-87] INFO  o.e.m.c.i.embedder.EclipseLogger - skip non existing resourceDirectory D:\WebProjects\complete rehau\kommunikationskonzept\fau-rehau-service-war\industrie.demo\src\test\resources
2017-03-29 10:25:43,208 [Worker-86] WARN  o.e.m.c.i.embedder.EclipseLogger - Using platform encoding (Cp1252 actually) to copy filtered resources, i.e. build is platform dependent!
2017-03-29 10:25:43,209 [Worker-86] INFO  o.e.m.c.i.embedder.EclipseLogger - Copying 0 resource
2017-03-29 10:25:43,210 [Worker-86] WARN  o.e.m.c.i.embedder.EclipseLogger - Using platform encoding (Cp1252 actually) to copy filtered resources, i.e. build is platform dependent!
2017-03-29 10:25:43,211 [Worker-86] INFO  o.e.m.c.i.embedder.EclipseLogger - skip non existing resourceDirectory D:\WebProjects\complete rehau\kommunikationskonzept\fau-rehau-service-war\industrie.demo\src\test\resources
2017-03-29 10:33:34,278 [Worker-92] WARN  o.e.m.c.i.embedder.EclipseLogger - Using platform encoding (Cp1252 actually) to copy filtered resources, i.e. build is platform dependent!
2017-03-29 10:33:34,279 [Worker-92] INFO  o.e.m.c.i.embedder.EclipseLogger - Copying 0 resource
2017-03-29 10:33:34,280 [Worker-92] WARN  o.e.m.c.i.embedder.EclipseLogger - Using platform encoding (Cp1252 actually) to copy filtered resources, i.e. build is platform dependent!
2017-03-29 10:33:34,281 [Worker-92] INFO  o.e.m.c.i.embedder.EclipseLogger - skip non existing resourceDirectory D:\WebProjects\complete rehau\kommunikationskonzept\fau-rehau-service-war\industrie.demo\src\test\resources
2017-03-29 10:33:36,329 [Worker-87] WARN  o.e.m.c.i.embedder.EclipseLogger - Using platform encoding (Cp1252 actually) to copy filtered resources, i.e. build is platform dependent!
2017-03-29 10:33:36,330 [Worker-87] INFO  o.e.m.c.i.embedder.EclipseLogger - Copying 0 resource
2017-03-29 10:33:36,331 [Worker-87] WARN  o.e.m.c.i.embedder.EclipseLogger - Using platform encoding (Cp1252 actually) to copy filtered resources, i.e. build is platform dependent!
2017-03-29 10:33:36,332 [Worker-87] INFO  o.e.m.c.i.embedder.EclipseLogger - skip non existing resourceDirectory D:\WebProjects\complete rehau\kommunikationskonzept\fau-rehau-service-war\industrie.demo\src\test\resources
2017-03-29 10:40:47,532 [Worker-87] WARN  o.e.m.c.i.embedder.EclipseLogger - Using platform encoding (Cp1252 actually) to copy filtered resources, i.e. build is platform dependent!
2017-03-29 10:40:47,533 [Worker-87] INFO  o.e.m.c.i.embedder.EclipseLogger - Copying 0 resource
2017-03-29 10:40:47,534 [Worker-87] WARN  o.e.m.c.i.embedder.EclipseLogger - Using platform encoding (Cp1252 actually) to copy filtered resources, i.e. build is platform dependent!
2017-03-29 10:40:47,534 [Worker-87] INFO  o.e.m.c.i.embedder.EclipseLogger - skip non existing resourceDirectory D:\WebProjects\complete rehau\kommunikationskonzept\fau-rehau-service-war\industrie.demo\src\test\resources
